<?xml version="1.0" encoding="UTF-8"?>
<testng-results skipped="0" failed="0" ignored="0" total="1" passed="1">
  <reporter-output>
  </reporter-output>
  <suite name="Default suite" duration-ms="67231" started-at="2020-09-07T19:47:24 IST" finished-at="2020-09-07T19:48:31 IST">
    <groups>
    </groups>
    <test name="Default test" duration-ms="67231" started-at="2020-09-07T19:47:24 IST" finished-at="2020-09-07T19:48:31 IST">
      <class name="RecordingBrowser.RecordTestcaseinbrowserKatlon">
        <test-method status="PASS" signature="setUp()[pri:0, instance:RecordingBrowser.RecordTestcaseinbrowserKatlon@670b40af]" name="setUp" is-config="true" duration-ms="57751" started-at="2020-09-07T19:47:24 IST" finished-at="2020-09-07T19:48:22 IST">
          <reporter-output>
          </reporter-output>
        </test-method> <!-- setUp -->
        <test-method status="PASS" signature="testUntitledTestCase()[pri:0, instance:RecordingBrowser.RecordTestcaseinbrowserKatlon@670b40af]" name="testUntitledTestCase" duration-ms="8521" started-at="2020-09-07T19:48:22 IST" finished-at="2020-09-07T19:48:30 IST">
          <reporter-output>
          </reporter-output>
        </test-method> <!-- testUntitledTestCase -->
        <test-method status="PASS" signature="tearDown()[pri:0, instance:RecordingBrowser.RecordTestcaseinbrowserKatlon@670b40af]" name="tearDown" is-config="true" duration-ms="837" started-at="2020-09-07T19:48:30 IST" finished-at="2020-09-07T19:48:31 IST">
          <reporter-output>
          </reporter-output>
        </test-method> <!-- tearDown -->
      </class> <!-- RecordingBrowser.RecordTestcaseinbrowserKatlon -->
    </test> <!-- Default test -->
  </suite> <!-- Default suite -->
</testng-results>
